750
900
456
371 165
401 937
638
229
929 44
995 117
603 740
195 198
733
488
312
873 183
947 714
677
228
252 466
764
160 696
641
21
722
69 862
244 345
951
140
98
41
605
374
655
933
39
135
177
691
642
395 263
846 102
447 157
415 96
636 368
959
425
504
166
942
381
836
346
842
682
774 243
743
64 967
730
592
14
790
690
148
779
867
975
597
943 322
804
544 749
814 681
936
282
472
725
416
888
851
877
606
828 449
219
924
985 256
593
318 958
163 891
954
861 918
772
530
493
326
996 608
450
93 615
824 54
683 144
952 697
420
895
299
934 534
628 376
446
3
453
240
216
468
574
807
830
330 295
109
795 711
338 471
9
126 270
910 912
992
1
998
761
264 974
651 751
598 413
305
602
778
780
577 403
972
457
418 494
552 129
625 901
56
380
233
427 981
870
612 885
721 236
227 409
238 695
932 191
357
88 789
265
169 271
712
241
913
555
618 703
747
656
258
809
921
821
589 59
438 568
141
187
491
308
278
296
158 91
316
279
145
260
24
217
518 726
452 487
752 444
479
831
498 833
692
962
445 492
408 215
886
323
923
777
771
815
106
572 490
341 903
181
546
225
393
922
532
118 805
610
826
100
281
443 673
26 566
633 701
919 765
594
0 808
454 424
10 769
898 990
811
45
794 324
527 801
189
724
693
213
643 847
963
775
658
955
905
179
194
853 237
516
113
717 12
750 131
344 982
980 731
627
285 458
325
621
969
52 27
121
201
486
882 94
347
664 20
582 414
869
514
767
167
799
825 250
13
107
463
515
164
366 735
70
561
639
304 920
739
274
455 327
797 909
788 175
34
267
994
745
451
432 339
670 8
218 838
302
171 419
542 221
855
25
396
634 373
133 753
363 119
529 977
300
89
29
680
473
787
335 965
575
802
293
310 372
287
573 501
47 624
553 960
689 384
893
75
616
647
280 306
497
387
136
852
435
426 405
857 128
583 513
84 231
205
76 66
22
734
404
370
159
578 79
352
537 676
640
253 630
68 173
85 522
500
906
203
307 101
907
289 759
874
845
196
247
99 273
127
540
791
993 402
81
914
848
120
889
704
174
785
257 388
72 915
143 86
383 666
840 595
73
30 138
835 36
667
810 478
65 31
674 67
2 946
360
499
723
822
672
607 637
662 668
150 399
290 796
474 525
868 422
916 973
436
783 619
660 484
161 781
377
705 51
629
812
650
554
276
132
268
170
584
320
193
185 155
533
742
590 631
843
485
298
19
896
239
782 881
827
928 386
966
315
152 168
242 114
354
646
50
520
382 190
939
319
978
926
694
526
713
604
480
222
172 999
519
700 720
208
38
211
931
154
823
844
773 872
28
988 837
758 200
879 259
935
202
911 562
297 130
423
111
97 800
11
511 291
209
983
854
430
507
207 698
212
803
832 902
334
586 699
894 715
557
956 517
543 61
737 15
261
819
92
688
48
95 321
757
220
33
361
949 762
716 108
510 188
979 496
176
850
4
729
588
661 350
204 262
149
890
892 398
626
770 806
77
124 249
78
286
865
654
275
940 675
411
5
292
678
718
736
301
433
748
421
125
186
7
489
617 156
115 116
180 547
702
659 548
83
284
340
859
687
611
230
364
356
684 151
343 49
314
90
599 58
385 897
465 564
541
235
669
776
536
112
162 147
648
649
652
550
139
87
397
349
232
441
342
362
142
839
74
503 760
756
899
744 461
246 46
635 182
746
856 123
976
329
539
508
880
754
71 32
251
596
567
709 941
953 957
644
309
210
581 653
42
601 991
214 55
706
431
766
35
460
784
313
389
448
369
841 545
509
927 563
437 930
23
663
467
223 622
580 224
375 858
336 470
871 80
429
849
863
255
970
406
989
708
524 417
571 355
741
394 410
620 512
43
531
559
887
288 104
875
317
864
997
367
17
614
679
816 434
178
727
917
476 686
245
986
987
632 337
6 248
440
719
57 392
105 226
964
793 464
495 459
192
792
613
878
829
505
763 521
565
732
283
950
908
502
623
728
587 600
866 585
665 482
137 523
60
197
184
786
199 818
462
481 134
904 817
551
558 968
122
671
328
294
103
971
755
591
351
944
311
768
439
348
82 234
579 469
984 528
442
657 813
820
798 359
538
570
365 40
358
390 266
391
353 407
400
333
146 710
254
645
569
945 884
549
412
883 331
477
62
576
560
16
961 475
428 685
63
948
110
938
707
738
206 269
876 609
272
860
535 18
37 53
378
483
834 153
556
925
277
379
303
506
332
